CRITICAL - 2022-06-11 19:13:00 --> Undefined variable $username
in APPPATH\Views\pages\home.php on line 8.
 1 APPPATH\Views\pages\home.php(8): CodeIgniter\Debug\Exceptions->errorHandler(2, 'Undefined variable $username', 'APPPATH\\Views\\pages\\home.php', 8)
 2 SYSTEMPATH\View\View.php(213): include('APPPATH\\Views\\pages\\home.php')
 3 SYSTEMPATH\View\View.php(216): CodeIgniter\View\View->CodeIgniter\View\{closure}()
 4 SYSTEMPATH\Common.php(1135): CodeIgniter\View\View->render('pages/home', [], true)
 5 APPPATH\Controllers\Pages.php(14): view('pages/home', [...])
 6 SYSTEMPATH\CodeIgniter.php(898): App\Controllers\Pages->index()
 7 SYSTEMPATH\CodeIgniter.php(468): CodeIgniter\CodeIgniter->runController(Object(App\Controllers\Pages))
 8 SYSTEMPATH\CodeIgniter.php(351): CodeIgniter\CodeIgniter->handleRequest(null, Object(Config\Cache), false)
 9 FCPATH\index.php(55): CodeIgniter\CodeIgniter->run()
10 SYSTEMPATH\Commands\Server\rewrite.php(43): require_once('FCPATH\\index.php')
CRITICAL - 2022-06-11 19:13:24 --> syntax error, unexpected token ";"
in APPPATH\Views\pages\home.php on line 8.
 1 SYSTEMPATH\View\View.php(216): CodeIgniter\View\View->CodeIgniter\View\{closure}()
 2 SYSTEMPATH\Common.php(1135): CodeIgniter\View\View->render('pages/home', [], true)
 3 APPPATH\Controllers\Pages.php(14): view('pages/home', [...])
 4 SYSTEMPATH\CodeIgniter.php(898): App\Controllers\Pages->index()
 5 SYSTEMPATH\CodeIgniter.php(468): CodeIgniter\CodeIgniter->runController(Object(App\Controllers\Pages))
 6 SYSTEMPATH\CodeIgniter.php(351): CodeIgniter\CodeIgniter->handleRequest(null, Object(Config\Cache), false)
 7 FCPATH\index.php(55): CodeIgniter\CodeIgniter->run()
 8 SYSTEMPATH\Commands\Server\rewrite.php(43): require_once('FCPATH\\index.php')
CRITICAL - 2022-06-11 22:19:27 --> Class "App\Models\Brand_LayananModel" not found
in APPPATH\Controllers\Pages.php on line 17.
 1 SYSTEMPATH\CodeIgniter.php(898): App\Controllers\Pages->index()
 2 SYSTEMPATH\CodeIgniter.php(468): CodeIgniter\CodeIgniter->runController(Object(App\Controllers\Pages))
 3 SYSTEMPATH\CodeIgniter.php(351): CodeIgniter\CodeIgniter->handleRequest(null, Object(Config\Cache), false)
 4 FCPATH\index.php(55): CodeIgniter\CodeIgniter->run()
 5 SYSTEMPATH\Commands\Server\rewrite.php(43): require_once('FCPATH\\index.php')
CRITICAL - 2022-06-11 22:22:29 --> Undefined variable $brand_layananmodel
in APPPATH\Controllers\Pages.php on line 17.
 1 APPPATH\Controllers\Pages.php(17): CodeIgniter\Debug\Exceptions->errorHandler(2, 'Undefined variable $brand_layananmodel', 'APPPATH\\Controllers\\Pages.php', 17)
 2 SYSTEMPATH\CodeIgniter.php(898): App\Controllers\Pages->index()
 3 SYSTEMPATH\CodeIgniter.php(468): CodeIgniter\CodeIgniter->runController(Object(App\Controllers\Pages))
 4 SYSTEMPATH\CodeIgniter.php(351): CodeIgniter\CodeIgniter->handleRequest(null, Object(Config\Cache), false)
 5 FCPATH\index.php(55): CodeIgniter\CodeIgniter->run()
 6 SYSTEMPATH\Commands\Server\rewrite.php(43): require_once('FCPATH\\index.php')
CRITICAL - 2022-06-11 22:31:11 --> Cannot use temporary expression in write context
in APPPATH\Controllers\Pages.php on line 12.
 1 [internal function]: CodeIgniter\Debug\Exceptions->shutdownHandler()
