CRITICAL - 2022-06-15 03:23:01 --> Undefined array key "id_layanan"
in APPPATH\Controllers\Pages.php on line 27.
 1 APPPATH\Controllers\Pages.php(27): CodeIgniter\Debug\Exceptions->errorHandler(2, 'Undefined array key "id_layanan"', 'APPPATH\\Controllers\\Pages.php', 27)
 2 [internal function]: App\Controllers\Pages->App\Controllers\{closure}([...])
 3 APPPATH\Controllers\Pages.php(28): array_filter([...], Object(Closure))
 4 [internal function]: App\Controllers\Pages->App\Controllers\{closure}([...])
 5 APPPATH\Controllers\Pages.php(25): array_map(Object(Closure), [...])
 6 SYSTEMPATH\CodeIgniter.php(898): App\Controllers\Pages->index()
 7 SYSTEMPATH\CodeIgniter.php(468): CodeIgniter\CodeIgniter->runController(Object(App\Controllers\Pages))
 8 SYSTEMPATH\CodeIgniter.php(351): CodeIgniter\CodeIgniter->handleRequest(null, Object(Config\Cache), false)
 9 FCPATH\index.php(55): CodeIgniter\CodeIgniter->run()
10 SYSTEMPATH\Commands\Server\rewrite.php(43): require_once('FCPATH\\index.php')
CRITICAL - 2022-06-15 03:36:18 --> Undefined array key "id_layanan"
in APPPATH\Controllers\Pages.php on line 27.
 1 APPPATH\Controllers\Pages.php(27): CodeIgniter\Debug\Exceptions->errorHandler(2, 'Undefined array key "id_layanan"', 'APPPATH\\Controllers\\Pages.php', 27)
 2 [internal function]: App\Controllers\Pages->App\Controllers\{closure}([...])
 3 APPPATH\Controllers\Pages.php(28): array_filter([...], Object(Closure))
 4 [internal function]: App\Controllers\Pages->App\Controllers\{closure}([...])
 5 APPPATH\Controllers\Pages.php(25): array_map(Object(Closure), [...])
 6 SYSTEMPATH\CodeIgniter.php(898): App\Controllers\Pages->index()
 7 SYSTEMPATH\CodeIgniter.php(468): CodeIgniter\CodeIgniter->runController(Object(App\Controllers\Pages))
 8 SYSTEMPATH\CodeIgniter.php(351): CodeIgniter\CodeIgniter->handleRequest(null, Object(Config\Cache), false)
 9 FCPATH\index.php(55): CodeIgniter\CodeIgniter->run()
10 SYSTEMPATH\Commands\Server\rewrite.php(43): require_once('FCPATH\\index.php')
ERROR - 2022-06-15 04:59:47 --> Error connecting to the database: No connection could be made because the target machine actively refused it
CRITICAL - 2022-06-15 04:59:47 --> Unable to connect to the database.
Main connection [MySQLi]: No connection could be made because the target machine actively refused it
in SYSTEMPATH\Database\BaseConnection.php on line 415.
 1 SYSTEMPATH\Database\BaseConnection.php(585): CodeIgniter\Database\BaseConnection->initialize()
 2 SYSTEMPATH\Database\BaseBuilder.php(1585): CodeIgniter\Database\BaseConnection->query('SELECT *
FROM `produk_layanan`', [], false)
 3 SYSTEMPATH\Model.php(222): CodeIgniter\Database\BaseBuilder->get()
 4 SYSTEMPATH\BaseModel.php(584): CodeIgniter\Model->doFindAll(0, 0)
 5 APPPATH\Controllers\Pages.php(23): CodeIgniter\BaseModel->findAll()
 6 SYSTEMPATH\CodeIgniter.php(898): App\Controllers\Pages->index()
 7 SYSTEMPATH\CodeIgniter.php(468): CodeIgniter\CodeIgniter->runController(Object(App\Controllers\Pages))
 8 SYSTEMPATH\CodeIgniter.php(351): CodeIgniter\CodeIgniter->handleRequest(null, Object(Config\Cache), false)
 9 FCPATH\index.php(55): CodeIgniter\CodeIgniter->run()
10 SYSTEMPATH\Commands\Server\rewrite.php(43): require_once('FCPATH\\index.php')
ERROR - 2022-06-15 05:15:16 --> Error connecting to the database: No connection could be made because the target machine actively refused it
CRITICAL - 2022-06-15 05:15:16 --> Unable to connect to the database.
Main connection [MySQLi]: No connection could be made because the target machine actively refused it
in SYSTEMPATH\Database\BaseConnection.php on line 415.
 1 SYSTEMPATH\Database\BaseConnection.php(585): CodeIgniter\Database\BaseConnection->initialize()
 2 SYSTEMPATH\Database\BaseBuilder.php(1585): CodeIgniter\Database\BaseConnection->query('SELECT *
FROM `produk_layanan`', [], false)
 3 SYSTEMPATH\Model.php(222): CodeIgniter\Database\BaseBuilder->get()
 4 SYSTEMPATH\BaseModel.php(584): CodeIgniter\Model->doFindAll(0, 0)
 5 APPPATH\Controllers\Pages.php(23): CodeIgniter\BaseModel->findAll()
 6 SYSTEMPATH\CodeIgniter.php(898): App\Controllers\Pages->index()
 7 SYSTEMPATH\CodeIgniter.php(468): CodeIgniter\CodeIgniter->runController(Object(App\Controllers\Pages))
 8 SYSTEMPATH\CodeIgniter.php(351): CodeIgniter\CodeIgniter->handleRequest(null, Object(Config\Cache), false)
 9 FCPATH\index.php(55): CodeIgniter\CodeIgniter->run()
10 SYSTEMPATH\Commands\Server\rewrite.php(43): require_once('FCPATH\\index.php')
CRITICAL - 2022-06-15 05:26:59 --> Undefined array key "picture_poster"
in APPPATH\Views\pages\home.php on line 79.
 1 APPPATH\Views\pages\home.php(79): CodeIgniter\Debug\Exceptions->errorHandler(2, 'Undefined array key "picture_poster"', 'APPPATH\\Views\\pages\\home.php', 79)
 2 SYSTEMPATH\View\View.php(213): include('APPPATH\\Views\\pages\\home.php')
 3 SYSTEMPATH\View\View.php(216): CodeIgniter\View\View->CodeIgniter\View\{closure}()
 4 SYSTEMPATH\Common.php(1135): CodeIgniter\View\View->render('pages/home', [], true)
 5 APPPATH\Controllers\Pages.php(47): view('pages/home', [...])
 6 SYSTEMPATH\CodeIgniter.php(898): App\Controllers\Pages->index()
 7 SYSTEMPATH\CodeIgniter.php(468): CodeIgniter\CodeIgniter->runController(Object(App\Controllers\Pages))
 8 SYSTEMPATH\CodeIgniter.php(351): CodeIgniter\CodeIgniter->handleRequest(null, Object(Config\Cache), false)
 9 FCPATH\index.php(55): CodeIgniter\CodeIgniter->run()
10 SYSTEMPATH\Commands\Server\rewrite.php(43): require_once('FCPATH\\index.php')
CRITICAL - 2022-06-15 05:29:48 --> Undefined array key "nama_instansi"
in APPPATH\Views\pages\home.php on line 80.
 1 APPPATH\Views\pages\home.php(80): CodeIgniter\Debug\Exceptions->errorHandler(2, 'Undefined array key "nama_instansi"', 'APPPATH\\Views\\pages\\home.php', 80)
 2 SYSTEMPATH\View\View.php(213): include('APPPATH\\Views\\pages\\home.php')
 3 SYSTEMPATH\View\View.php(216): CodeIgniter\View\View->CodeIgniter\View\{closure}()
 4 SYSTEMPATH\Common.php(1135): CodeIgniter\View\View->render('pages/home', [], true)
 5 APPPATH\Controllers\Pages.php(47): view('pages/home', [...])
 6 SYSTEMPATH\CodeIgniter.php(898): App\Controllers\Pages->index()
 7 SYSTEMPATH\CodeIgniter.php(468): CodeIgniter\CodeIgniter->runController(Object(App\Controllers\Pages))
 8 SYSTEMPATH\CodeIgniter.php(351): CodeIgniter\CodeIgniter->handleRequest(null, Object(Config\Cache), false)
 9 FCPATH\index.php(55): CodeIgniter\CodeIgniter->run()
10 SYSTEMPATH\Commands\Server\rewrite.php(43): require_once('FCPATH\\index.php')
ERROR - 2022-06-15 05:48:25 --> Error connecting to the database: No connection could be made because the target machine actively refused it
CRITICAL - 2022-06-15 05:48:25 --> Unable to connect to the database.
Main connection [MySQLi]: No connection could be made because the target machine actively refused it
in SYSTEMPATH\Database\BaseConnection.php on line 415.
 1 SYSTEMPATH\Database\BaseConnection.php(585): CodeIgniter\Database\BaseConnection->initialize()
 2 SYSTEMPATH\Database\BaseBuilder.php(1585): CodeIgniter\Database\BaseConnection->query('SELECT *
FROM `produk_layanan`', [], false)
 3 SYSTEMPATH\Model.php(222): CodeIgniter\Database\BaseBuilder->get()
 4 SYSTEMPATH\BaseModel.php(584): CodeIgniter\Model->doFindAll(0, 0)
 5 APPPATH\Controllers\Pages.php(23): CodeIgniter\BaseModel->findAll()
 6 SYSTEMPATH\CodeIgniter.php(898): App\Controllers\Pages->index()
 7 SYSTEMPATH\CodeIgniter.php(468): CodeIgniter\CodeIgniter->runController(Object(App\Controllers\Pages))
 8 SYSTEMPATH\CodeIgniter.php(351): CodeIgniter\CodeIgniter->handleRequest(null, Object(Config\Cache), false)
 9 FCPATH\index.php(55): CodeIgniter\CodeIgniter->run()
10 SYSTEMPATH\Commands\Server\rewrite.php(43): require_once('FCPATH\\index.php')
ERROR - 2022-06-15 19:26:00 --> Error connecting to the database: No connection could be made because the target machine actively refused it
CRITICAL - 2022-06-15 19:26:00 --> Unable to connect to the database.
Main connection [MySQLi]: No connection could be made because the target machine actively refused it
in SYSTEMPATH\Database\BaseConnection.php on line 415.
 1 SYSTEMPATH\Database\BaseConnection.php(585): CodeIgniter\Database\BaseConnection->initialize()
 2 SYSTEMPATH\Database\BaseBuilder.php(1585): CodeIgniter\Database\BaseConnection->query('SELECT *
FROM `produk_layanan`', [], false)
 3 SYSTEMPATH\Model.php(222): CodeIgniter\Database\BaseBuilder->get()
 4 SYSTEMPATH\BaseModel.php(584): CodeIgniter\Model->doFindAll(0, 0)
 5 APPPATH\Controllers\Pages.php(23): CodeIgniter\BaseModel->findAll()
 6 SYSTEMPATH\CodeIgniter.php(898): App\Controllers\Pages->index()
 7 SYSTEMPATH\CodeIgniter.php(468): CodeIgniter\CodeIgniter->runController(Object(App\Controllers\Pages))
 8 SYSTEMPATH\CodeIgniter.php(351): CodeIgniter\CodeIgniter->handleRequest(null, Object(Config\Cache), false)
 9 FCPATH\index.php(55): CodeIgniter\CodeIgniter->run()
10 SYSTEMPATH\Commands\Server\rewrite.php(43): require_once('FCPATH\\index.php')
CRITICAL - 2022-06-15 22:59:01 --> Undefined array key "ID_LAYANAN"
in APPPATH\Controllers\Pages.php on line 27.
 1 APPPATH\Controllers\Pages.php(27): CodeIgniter\Debug\Exceptions->errorHandler(2, 'Undefined array key "ID_LAYANAN"', 'APPPATH\\Controllers\\Pages.php', 27)
 2 [internal function]: App\Controllers\Pages->App\Controllers\{closure}([...])
 3 APPPATH\Controllers\Pages.php(28): array_filter([...], Object(Closure))
 4 [internal function]: App\Controllers\Pages->App\Controllers\{closure}([...])
 5 APPPATH\Controllers\Pages.php(25): array_map(Object(Closure), [...])
 6 SYSTEMPATH\CodeIgniter.php(898): App\Controllers\Pages->index()
 7 SYSTEMPATH\CodeIgniter.php(468): CodeIgniter\CodeIgniter->runController(Object(App\Controllers\Pages))
 8 SYSTEMPATH\CodeIgniter.php(351): CodeIgniter\CodeIgniter->handleRequest(null, Object(Config\Cache), false)
 9 FCPATH\index.php(55): CodeIgniter\CodeIgniter->run()
10 SYSTEMPATH\Commands\Server\rewrite.php(43): require_once('FCPATH\\index.php')
CRITICAL - 2022-06-15 23:01:37 --> Undefined array key "ID_LAYANAN"
in APPPATH\Controllers\Pages.php on line 27.
 1 APPPATH\Controllers\Pages.php(27): CodeIgniter\Debug\Exceptions->errorHandler(2, 'Undefined array key "ID_LAYANAN"', 'APPPATH\\Controllers\\Pages.php', 27)
 2 [internal function]: App\Controllers\Pages->App\Controllers\{closure}([...])
 3 APPPATH\Controllers\Pages.php(28): array_filter([...], Object(Closure))
 4 [internal function]: App\Controllers\Pages->App\Controllers\{closure}([...])
 5 APPPATH\Controllers\Pages.php(25): array_map(Object(Closure), [...])
 6 SYSTEMPATH\CodeIgniter.php(898): App\Controllers\Pages->index()
 7 SYSTEMPATH\CodeIgniter.php(468): CodeIgniter\CodeIgniter->runController(Object(App\Controllers\Pages))
 8 SYSTEMPATH\CodeIgniter.php(351): CodeIgniter\CodeIgniter->handleRequest(null, Object(Config\Cache), false)
 9 FCPATH\index.php(55): CodeIgniter\CodeIgniter->run()
10 SYSTEMPATH\Commands\Server\rewrite.php(43): require_once('FCPATH\\index.php')
CRITICAL - 2022-06-15 23:03:13 --> Undefined array key "ID_LAYANAN"
in APPPATH\Controllers\Pages.php on line 27.
 1 APPPATH\Controllers\Pages.php(27): CodeIgniter\Debug\Exceptions->errorHandler(2, 'Undefined array key "ID_LAYANAN"', 'APPPATH\\Controllers\\Pages.php', 27)
 2 [internal function]: App\Controllers\Pages->App\Controllers\{closure}([...])
 3 APPPATH\Controllers\Pages.php(28): array_filter([...], Object(Closure))
 4 [internal function]: App\Controllers\Pages->App\Controllers\{closure}([...])
 5 APPPATH\Controllers\Pages.php(25): array_map(Object(Closure), [...])
 6 SYSTEMPATH\CodeIgniter.php(898): App\Controllers\Pages->index()
 7 SYSTEMPATH\CodeIgniter.php(468): CodeIgniter\CodeIgniter->runController(Object(App\Controllers\Pages))
 8 SYSTEMPATH\CodeIgniter.php(351): CodeIgniter\CodeIgniter->handleRequest(null, Object(Config\Cache), false)
 9 FCPATH\index.php(55): CodeIgniter\CodeIgniter->run()
10 SYSTEMPATH\Commands\Server\rewrite.php(43): require_once('FCPATH\\index.php')
CRITICAL - 2022-06-15 23:04:22 --> Undefined array key "ID_LAYANAN"
in APPPATH\Controllers\Pages.php on line 27.
 1 APPPATH\Controllers\Pages.php(27): CodeIgniter\Debug\Exceptions->errorHandler(2, 'Undefined array key "ID_LAYANAN"', 'APPPATH\\Controllers\\Pages.php', 27)
 2 [internal function]: App\Controllers\Pages->App\Controllers\{closure}([...])
 3 APPPATH\Controllers\Pages.php(28): array_filter([...], Object(Closure))
 4 [internal function]: App\Controllers\Pages->App\Controllers\{closure}([...])
 5 APPPATH\Controllers\Pages.php(25): array_map(Object(Closure), [...])
 6 SYSTEMPATH\CodeIgniter.php(898): App\Controllers\Pages->index()
 7 SYSTEMPATH\CodeIgniter.php(468): CodeIgniter\CodeIgniter->runController(Object(App\Controllers\Pages))
 8 SYSTEMPATH\CodeIgniter.php(351): CodeIgniter\CodeIgniter->handleRequest(null, Object(Config\Cache), false)
 9 FCPATH\index.php(55): CodeIgniter\CodeIgniter->run()
10 SYSTEMPATH\Commands\Server\rewrite.php(43): require_once('FCPATH\\index.php')
CRITICAL - 2022-06-15 23:23:10 --> Undefined array key "ID_LAYANAN"
in APPPATH\Controllers\Pages.php on line 27.
 1 APPPATH\Controllers\Pages.php(27): CodeIgniter\Debug\Exceptions->errorHandler(2, 'Undefined array key "ID_LAYANAN"', 'APPPATH\\Controllers\\Pages.php', 27)
 2 [internal function]: App\Controllers\Pages->App\Controllers\{closure}([...])
 3 APPPATH\Controllers\Pages.php(28): array_filter([...], Object(Closure))
 4 [internal function]: App\Controllers\Pages->App\Controllers\{closure}([...])
 5 APPPATH\Controllers\Pages.php(25): array_map(Object(Closure), [...])
 6 SYSTEMPATH\CodeIgniter.php(898): App\Controllers\Pages->index()
 7 SYSTEMPATH\CodeIgniter.php(468): CodeIgniter\CodeIgniter->runController(Object(App\Controllers\Pages))
 8 SYSTEMPATH\CodeIgniter.php(351): CodeIgniter\CodeIgniter->handleRequest(null, Object(Config\Cache), false)
 9 FCPATH\index.php(55): CodeIgniter\CodeIgniter->run()
10 SYSTEMPATH\Commands\Server\rewrite.php(43): require_once('FCPATH\\index.php')
CRITICAL - 2022-06-15 23:23:48 --> syntax error, unexpected identifier "id_layanan", expecting "]"
in APPPATH\Controllers\Pages.php on line 27.
 1 SYSTEMPATH\Router\Router.php(499): CodeIgniter\Router\AutoRouter->getRoute('pages/index')
 2 SYSTEMPATH\Router\Router.php(205): CodeIgniter\Router\Router->autoRoute('pages/index')
 3 SYSTEMPATH\CodeIgniter.php(773): CodeIgniter\Router\Router->handle('pages/index')
 4 SYSTEMPATH\CodeIgniter.php(417): CodeIgniter\CodeIgniter->tryToRouteIt(Object(CodeIgniter\Router\RouteCollection))
 5 SYSTEMPATH\CodeIgniter.php(351): CodeIgniter\CodeIgniter->handleRequest(null, Object(Config\Cache), false)
 6 FCPATH\index.php(55): CodeIgniter\CodeIgniter->run()
 7 SYSTEMPATH\Commands\Server\rewrite.php(43): require_once('FCPATH\\index.php')
CRITICAL - 2022-06-15 23:24:44 --> Undefined array key "PICTURE_POSTER"
in APPPATH\Views\pages\home.php on line 79.
 1 APPPATH\Views\pages\home.php(79): CodeIgniter\Debug\Exceptions->errorHandler(2, 'Undefined array key "PICTURE_POSTER"', 'APPPATH\\Views\\pages\\home.php', 79)
 2 SYSTEMPATH\View\View.php(213): include('APPPATH\\Views\\pages\\home.php')
 3 SYSTEMPATH\View\View.php(216): CodeIgniter\View\View->CodeIgniter\View\{closure}()
 4 SYSTEMPATH\Common.php(1135): CodeIgniter\View\View->render('pages/home', [], true)
 5 APPPATH\Controllers\Pages.php(47): view('pages/home', [...])
 6 SYSTEMPATH\CodeIgniter.php(898): App\Controllers\Pages->index()
 7 SYSTEMPATH\CodeIgniter.php(468): CodeIgniter\CodeIgniter->runController(Object(App\Controllers\Pages))
 8 SYSTEMPATH\CodeIgniter.php(351): CodeIgniter\CodeIgniter->handleRequest(null, Object(Config\Cache), false)
 9 FCPATH\index.php(55): CodeIgniter\CodeIgniter->run()
10 SYSTEMPATH\Commands\Server\rewrite.php(43): require_once('FCPATH\\index.php')
