CRITICAL - 2022-06-13 10:35:02 --> syntax error, unexpected end of file
in APPPATH\Views\pages\home.php on line 224.
 1 SYSTEMPATH\View\View.php(216): CodeIgniter\View\View->CodeIgniter\View\{closure}()
 2 SYSTEMPATH\Common.php(1135): CodeIgniter\View\View->render('pages/home', [], true)
 3 APPPATH\Controllers\Pages.php(46): view('pages/home', [...])
 4 SYSTEMPATH\CodeIgniter.php(898): App\Controllers\Pages->index()
 5 SYSTEMPATH\CodeIgniter.php(468): CodeIgniter\CodeIgniter->runController(Object(App\Controllers\Pages))
 6 SYSTEMPATH\CodeIgniter.php(351): CodeIgniter\CodeIgniter->handleRequest(null, Object(Config\Cache), false)
 7 FCPATH\index.php(55): CodeIgniter\CodeIgniter->run()
 8 SYSTEMPATH\Commands\Server\rewrite.php(43): require_once('FCPATH\\index.php')
CRITICAL - 2022-06-13 11:01:20 --> Undefined variable $daftar_produk
in APPPATH\Views\pages\about.php on line 73.
 1 APPPATH\Views\pages\about.php(73): CodeIgniter\Debug\Exceptions->errorHandler(2, 'Undefined variable $daftar_produk', 'APPPATH\\Views\\pages\\about.php', 73)
 2 SYSTEMPATH\View\View.php(213): include('APPPATH\\Views\\pages\\about.php')
 3 SYSTEMPATH\View\View.php(216): CodeIgniter\View\View->CodeIgniter\View\{closure}()
 4 SYSTEMPATH\Common.php(1135): CodeIgniter\View\View->render('pages/about', [], true)
 5 APPPATH\Controllers\Pages.php(57): view('pages/about', [...])
 6 SYSTEMPATH\CodeIgniter.php(898): App\Controllers\Pages->about()
 7 SYSTEMPATH\CodeIgniter.php(468): CodeIgniter\CodeIgniter->runController(Object(App\Controllers\Pages))
 8 SYSTEMPATH\CodeIgniter.php(351): CodeIgniter\CodeIgniter->handleRequest(null, Object(Config\Cache), false)
 9 FCPATH\index.php(55): CodeIgniter\CodeIgniter->run()
10 SYSTEMPATH\Commands\Server\rewrite.php(43): require_once('FCPATH\\index.php')
