ERROR - 2022-06-18 04:18:13 --> Error connecting to the database: No connection could be made because the target machine actively refused it
CRITICAL - 2022-06-18 04:18:13 --> Unable to connect to the database.
Main connection [MySQLi]: No connection could be made because the target machine actively refused it
in SYSTEMPATH\Database\BaseConnection.php on line 415.
 1 SYSTEMPATH\Database\BaseConnection.php(585): CodeIgniter\Database\BaseConnection->initialize()
 2 SYSTEMPATH\Database\BaseBuilder.php(1585): CodeIgniter\Database\BaseConnection->query('SELECT *
FROM `produk_layanan`', [], false)
 3 SYSTEMPATH\Model.php(222): CodeIgniter\Database\BaseBuilder->get()
 4 SYSTEMPATH\BaseModel.php(584): CodeIgniter\Model->doFindAll(0, 0)
 5 APPPATH\Controllers\Pages.php(23): CodeIgniter\BaseModel->findAll()
 6 SYSTEMPATH\CodeIgniter.php(898): App\Controllers\Pages->index()
 7 SYSTEMPATH\CodeIgniter.php(468): CodeIgniter\CodeIgniter->runController(Object(App\Controllers\Pages))
 8 SYSTEMPATH\CodeIgniter.php(351): CodeIgniter\CodeIgniter->handleRequest(null, Object(Config\Cache), false)
 9 FCPATH\index.php(55): CodeIgniter\CodeIgniter->run()
10 SYSTEMPATH\Commands\Server\rewrite.php(43): require_once('FCPATH\\index.php')
CRITICAL - 2022-06-18 20:31:24 --> syntax error, unexpected token "<<", expecting "function" or "const"
in APPPATH\Controllers\Pages.php on line 75.
 1 SYSTEMPATH\Router\Router.php(499): CodeIgniter\Router\AutoRouter->getRoute('pages')
 2 SYSTEMPATH\Router\Router.php(205): CodeIgniter\Router\Router->autoRoute('pages')
 3 SYSTEMPATH\CodeIgniter.php(773): CodeIgniter\Router\Router->handle('pages')
 4 SYSTEMPATH\CodeIgniter.php(417): CodeIgniter\CodeIgniter->tryToRouteIt(Object(CodeIgniter\Router\RouteCollection))
 5 SYSTEMPATH\CodeIgniter.php(351): CodeIgniter\CodeIgniter->handleRequest(null, Object(Config\Cache), false)
 6 FCPATH\index.php(55): CodeIgniter\CodeIgniter->run()
 7 SYSTEMPATH\Commands\Server\rewrite.php(43): require_once('FCPATH\\index.php')
CRITICAL - 2022-06-18 20:55:29 --> Trying to access array offset on value of type null
in APPPATH\Views\detail\detail.php on line 18.
 1 APPPATH\Views\detail\detail.php(18): CodeIgniter\Debug\Exceptions->errorHandler(2, 'Trying to access array offset on value of type null', 'APPPATH\\Views\\detail\\detail.php', 18)
 2 SYSTEMPATH\View\View.php(213): include('APPPATH\\Views\\detail\\detail.php')
 3 SYSTEMPATH\View\View.php(216): CodeIgniter\View\View->CodeIgniter\View\{closure}()
 4 SYSTEMPATH\Common.php(1135): CodeIgniter\View\View->render('/detail/detail', [], true)
 5 APPPATH\Controllers\Detail.php(66): view('/detail/detail', [...])
 6 SYSTEMPATH\CodeIgniter.php(898): App\Controllers\Detail->index('LAY002', 'CAT001', 'div-purchase-display-public')
 7 SYSTEMPATH\CodeIgniter.php(468): CodeIgniter\CodeIgniter->runController(Object(App\Controllers\Detail))
 8 SYSTEMPATH\CodeIgniter.php(351): CodeIgniter\CodeIgniter->handleRequest(null, Object(Config\Cache), false)
 9 FCPATH\index.php(55): CodeIgniter\CodeIgniter->run()
10 SYSTEMPATH\Commands\Server\rewrite.php(43): require_once('FCPATH\\index.php')
CRITICAL - 2022-06-18 23:51:09 --> Undefined array key "id_layanan"
in APPPATH\Controllers\Pages.php on line 28.
 1 APPPATH\Controllers\Pages.php(28): CodeIgniter\Debug\Exceptions->errorHandler(2, 'Undefined array key "id_layanan"', 'APPPATH\\Controllers\\Pages.php', 28)
 2 [internal function]: App\Controllers\Pages->App\Controllers\{closure}([...])
 3 APPPATH\Controllers\Pages.php(29): array_filter([...], Object(Closure))
 4 [internal function]: App\Controllers\Pages->App\Controllers\{closure}([...])
 5 APPPATH\Controllers\Pages.php(26): array_map(Object(Closure), [...])
 6 SYSTEMPATH\CodeIgniter.php(898): App\Controllers\Pages->index()
 7 SYSTEMPATH\CodeIgniter.php(468): CodeIgniter\CodeIgniter->runController(Object(App\Controllers\Pages))
 8 SYSTEMPATH\CodeIgniter.php(351): CodeIgniter\CodeIgniter->handleRequest(null, Object(Config\Cache), false)
 9 FCPATH\index.php(55): CodeIgniter\CodeIgniter->run()
10 SYSTEMPATH\Commands\Server\rewrite.php(43): require_once('FCPATH\\index.php')
CRITICAL - 2022-06-18 23:52:09 --> Undefined array key "id_layanan"
in APPPATH\Controllers\Pages.php on line 28.
 1 APPPATH\Controllers\Pages.php(28): CodeIgniter\Debug\Exceptions->errorHandler(2, 'Undefined array key "id_layanan"', 'APPPATH\\Controllers\\Pages.php', 28)
 2 [internal function]: App\Controllers\Pages->App\Controllers\{closure}([...])
 3 APPPATH\Controllers\Pages.php(29): array_filter([...], Object(Closure))
 4 [internal function]: App\Controllers\Pages->App\Controllers\{closure}([...])
 5 APPPATH\Controllers\Pages.php(26): array_map(Object(Closure), [...])
 6 SYSTEMPATH\CodeIgniter.php(898): App\Controllers\Pages->index()
 7 SYSTEMPATH\CodeIgniter.php(468): CodeIgniter\CodeIgniter->runController(Object(App\Controllers\Pages))
 8 SYSTEMPATH\CodeIgniter.php(351): CodeIgniter\CodeIgniter->handleRequest(null, Object(Config\Cache), false)
 9 FCPATH\index.php(55): CodeIgniter\CodeIgniter->run()
10 SYSTEMPATH\Commands\Server\rewrite.php(43): require_once('FCPATH\\index.php')
CRITICAL - 2022-06-18 23:52:13 --> Undefined array key "id_layanan"
in APPPATH\Controllers\Pages.php on line 28.
 1 APPPATH\Controllers\Pages.php(28): CodeIgniter\Debug\Exceptions->errorHandler(2, 'Undefined array key "id_layanan"', 'APPPATH\\Controllers\\Pages.php', 28)
 2 [internal function]: App\Controllers\Pages->App\Controllers\{closure}([...])
 3 APPPATH\Controllers\Pages.php(29): array_filter([...], Object(Closure))
 4 [internal function]: App\Controllers\Pages->App\Controllers\{closure}([...])
 5 APPPATH\Controllers\Pages.php(26): array_map(Object(Closure), [...])
 6 SYSTEMPATH\CodeIgniter.php(898): App\Controllers\Pages->index()
 7 SYSTEMPATH\CodeIgniter.php(468): CodeIgniter\CodeIgniter->runController(Object(App\Controllers\Pages))
 8 SYSTEMPATH\CodeIgniter.php(351): CodeIgniter\CodeIgniter->handleRequest(null, Object(Config\Cache), false)
 9 FCPATH\index.php(55): CodeIgniter\CodeIgniter->run()
10 SYSTEMPATH\Commands\Server\rewrite.php(43): require_once('FCPATH\\index.php')
CRITICAL - 2022-06-18 23:52:15 --> Undefined array key "id_layanan"
in APPPATH\Controllers\Pages.php on line 28.
 1 APPPATH\Controllers\Pages.php(28): CodeIgniter\Debug\Exceptions->errorHandler(2, 'Undefined array key "id_layanan"', 'APPPATH\\Controllers\\Pages.php', 28)
 2 [internal function]: App\Controllers\Pages->App\Controllers\{closure}([...])
 3 APPPATH\Controllers\Pages.php(29): array_filter([...], Object(Closure))
 4 [internal function]: App\Controllers\Pages->App\Controllers\{closure}([...])
 5 APPPATH\Controllers\Pages.php(26): array_map(Object(Closure), [...])
 6 SYSTEMPATH\CodeIgniter.php(898): App\Controllers\Pages->index()
 7 SYSTEMPATH\CodeIgniter.php(468): CodeIgniter\CodeIgniter->runController(Object(App\Controllers\Pages))
 8 SYSTEMPATH\CodeIgniter.php(351): CodeIgniter\CodeIgniter->handleRequest(null, Object(Config\Cache), false)
 9 FCPATH\index.php(55): CodeIgniter\CodeIgniter->run()
10 SYSTEMPATH\Commands\Server\rewrite.php(43): require_once('FCPATH\\index.php')
CRITICAL - 2022-06-18 23:52:17 --> Undefined array key "id_layanan"
in APPPATH\Controllers\Pages.php on line 28.
 1 APPPATH\Controllers\Pages.php(28): CodeIgniter\Debug\Exceptions->errorHandler(2, 'Undefined array key "id_layanan"', 'APPPATH\\Controllers\\Pages.php', 28)
 2 [internal function]: App\Controllers\Pages->App\Controllers\{closure}([...])
 3 APPPATH\Controllers\Pages.php(29): array_filter([...], Object(Closure))
 4 [internal function]: App\Controllers\Pages->App\Controllers\{closure}([...])
 5 APPPATH\Controllers\Pages.php(26): array_map(Object(Closure), [...])
 6 SYSTEMPATH\CodeIgniter.php(898): App\Controllers\Pages->index()
 7 SYSTEMPATH\CodeIgniter.php(468): CodeIgniter\CodeIgniter->runController(Object(App\Controllers\Pages))
 8 SYSTEMPATH\CodeIgniter.php(351): CodeIgniter\CodeIgniter->handleRequest(null, Object(Config\Cache), false)
 9 FCPATH\index.php(55): CodeIgniter\CodeIgniter->run()
10 SYSTEMPATH\Commands\Server\rewrite.php(43): require_once('FCPATH\\index.php')
CRITICAL - 2022-06-18 23:52:18 --> Undefined array key "id_layanan"
in APPPATH\Controllers\Pages.php on line 28.
 1 APPPATH\Controllers\Pages.php(28): CodeIgniter\Debug\Exceptions->errorHandler(2, 'Undefined array key "id_layanan"', 'APPPATH\\Controllers\\Pages.php', 28)
 2 [internal function]: App\Controllers\Pages->App\Controllers\{closure}([...])
 3 APPPATH\Controllers\Pages.php(29): array_filter([...], Object(Closure))
 4 [internal function]: App\Controllers\Pages->App\Controllers\{closure}([...])
 5 APPPATH\Controllers\Pages.php(26): array_map(Object(Closure), [...])
 6 SYSTEMPATH\CodeIgniter.php(898): App\Controllers\Pages->index()
 7 SYSTEMPATH\CodeIgniter.php(468): CodeIgniter\CodeIgniter->runController(Object(App\Controllers\Pages))
 8 SYSTEMPATH\CodeIgniter.php(351): CodeIgniter\CodeIgniter->handleRequest(null, Object(Config\Cache), false)
 9 FCPATH\index.php(55): CodeIgniter\CodeIgniter->run()
10 SYSTEMPATH\Commands\Server\rewrite.php(43): require_once('FCPATH\\index.php')
CRITICAL - 2022-06-18 23:52:18 --> Undefined array key "id_layanan"
in APPPATH\Controllers\Pages.php on line 28.
 1 APPPATH\Controllers\Pages.php(28): CodeIgniter\Debug\Exceptions->errorHandler(2, 'Undefined array key "id_layanan"', 'APPPATH\\Controllers\\Pages.php', 28)
 2 [internal function]: App\Controllers\Pages->App\Controllers\{closure}([...])
 3 APPPATH\Controllers\Pages.php(29): array_filter([...], Object(Closure))
 4 [internal function]: App\Controllers\Pages->App\Controllers\{closure}([...])
 5 APPPATH\Controllers\Pages.php(26): array_map(Object(Closure), [...])
 6 SYSTEMPATH\CodeIgniter.php(898): App\Controllers\Pages->index()
 7 SYSTEMPATH\CodeIgniter.php(468): CodeIgniter\CodeIgniter->runController(Object(App\Controllers\Pages))
 8 SYSTEMPATH\CodeIgniter.php(351): CodeIgniter\CodeIgniter->handleRequest(null, Object(Config\Cache), false)
 9 FCPATH\index.php(55): CodeIgniter\CodeIgniter->run()
10 SYSTEMPATH\Commands\Server\rewrite.php(43): require_once('FCPATH\\index.php')
CRITICAL - 2022-06-18 23:52:19 --> Undefined array key "id_layanan"
in APPPATH\Controllers\Pages.php on line 28.
 1 APPPATH\Controllers\Pages.php(28): CodeIgniter\Debug\Exceptions->errorHandler(2, 'Undefined array key "id_layanan"', 'APPPATH\\Controllers\\Pages.php', 28)
 2 [internal function]: App\Controllers\Pages->App\Controllers\{closure}([...])
 3 APPPATH\Controllers\Pages.php(29): array_filter([...], Object(Closure))
 4 [internal function]: App\Controllers\Pages->App\Controllers\{closure}([...])
 5 APPPATH\Controllers\Pages.php(26): array_map(Object(Closure), [...])
 6 SYSTEMPATH\CodeIgniter.php(898): App\Controllers\Pages->index()
 7 SYSTEMPATH\CodeIgniter.php(468): CodeIgniter\CodeIgniter->runController(Object(App\Controllers\Pages))
 8 SYSTEMPATH\CodeIgniter.php(351): CodeIgniter\CodeIgniter->handleRequest(null, Object(Config\Cache), false)
 9 FCPATH\index.php(55): CodeIgniter\CodeIgniter->run()
10 SYSTEMPATH\Commands\Server\rewrite.php(43): require_once('FCPATH\\index.php')
CRITICAL - 2022-06-18 23:52:19 --> Undefined array key "id_layanan"
in APPPATH\Controllers\Pages.php on line 28.
 1 APPPATH\Controllers\Pages.php(28): CodeIgniter\Debug\Exceptions->errorHandler(2, 'Undefined array key "id_layanan"', 'APPPATH\\Controllers\\Pages.php', 28)
 2 [internal function]: App\Controllers\Pages->App\Controllers\{closure}([...])
 3 APPPATH\Controllers\Pages.php(29): array_filter([...], Object(Closure))
 4 [internal function]: App\Controllers\Pages->App\Controllers\{closure}([...])
 5 APPPATH\Controllers\Pages.php(26): array_map(Object(Closure), [...])
 6 SYSTEMPATH\CodeIgniter.php(898): App\Controllers\Pages->index()
 7 SYSTEMPATH\CodeIgniter.php(468): CodeIgniter\CodeIgniter->runController(Object(App\Controllers\Pages))
 8 SYSTEMPATH\CodeIgniter.php(351): CodeIgniter\CodeIgniter->handleRequest(null, Object(Config\Cache), false)
 9 FCPATH\index.php(55): CodeIgniter\CodeIgniter->run()
10 SYSTEMPATH\Commands\Server\rewrite.php(43): require_once('FCPATH\\index.php')
CRITICAL - 2022-06-18 23:52:19 --> Undefined array key "id_layanan"
in APPPATH\Controllers\Pages.php on line 28.
 1 APPPATH\Controllers\Pages.php(28): CodeIgniter\Debug\Exceptions->errorHandler(2, 'Undefined array key "id_layanan"', 'APPPATH\\Controllers\\Pages.php', 28)
 2 [internal function]: App\Controllers\Pages->App\Controllers\{closure}([...])
 3 APPPATH\Controllers\Pages.php(29): array_filter([...], Object(Closure))
 4 [internal function]: App\Controllers\Pages->App\Controllers\{closure}([...])
 5 APPPATH\Controllers\Pages.php(26): array_map(Object(Closure), [...])
 6 SYSTEMPATH\CodeIgniter.php(898): App\Controllers\Pages->index()
 7 SYSTEMPATH\CodeIgniter.php(468): CodeIgniter\CodeIgniter->runController(Object(App\Controllers\Pages))
 8 SYSTEMPATH\CodeIgniter.php(351): CodeIgniter\CodeIgniter->handleRequest(null, Object(Config\Cache), false)
 9 FCPATH\index.php(55): CodeIgniter\CodeIgniter->run()
10 SYSTEMPATH\Commands\Server\rewrite.php(43): require_once('FCPATH\\index.php')
CRITICAL - 2022-06-18 23:52:20 --> Undefined array key "id_layanan"
in APPPATH\Controllers\Pages.php on line 28.
 1 APPPATH\Controllers\Pages.php(28): CodeIgniter\Debug\Exceptions->errorHandler(2, 'Undefined array key "id_layanan"', 'APPPATH\\Controllers\\Pages.php', 28)
 2 [internal function]: App\Controllers\Pages->App\Controllers\{closure}([...])
 3 APPPATH\Controllers\Pages.php(29): array_filter([...], Object(Closure))
 4 [internal function]: App\Controllers\Pages->App\Controllers\{closure}([...])
 5 APPPATH\Controllers\Pages.php(26): array_map(Object(Closure), [...])
 6 SYSTEMPATH\CodeIgniter.php(898): App\Controllers\Pages->index()
 7 SYSTEMPATH\CodeIgniter.php(468): CodeIgniter\CodeIgniter->runController(Object(App\Controllers\Pages))
 8 SYSTEMPATH\CodeIgniter.php(351): CodeIgniter\CodeIgniter->handleRequest(null, Object(Config\Cache), false)
 9 FCPATH\index.php(55): CodeIgniter\CodeIgniter->run()
10 SYSTEMPATH\Commands\Server\rewrite.php(43): require_once('FCPATH\\index.php')
CRITICAL - 2022-06-18 23:52:20 --> Undefined array key "id_layanan"
in APPPATH\Controllers\Pages.php on line 28.
 1 APPPATH\Controllers\Pages.php(28): CodeIgniter\Debug\Exceptions->errorHandler(2, 'Undefined array key "id_layanan"', 'APPPATH\\Controllers\\Pages.php', 28)
 2 [internal function]: App\Controllers\Pages->App\Controllers\{closure}([...])
 3 APPPATH\Controllers\Pages.php(29): array_filter([...], Object(Closure))
 4 [internal function]: App\Controllers\Pages->App\Controllers\{closure}([...])
 5 APPPATH\Controllers\Pages.php(26): array_map(Object(Closure), [...])
 6 SYSTEMPATH\CodeIgniter.php(898): App\Controllers\Pages->index()
 7 SYSTEMPATH\CodeIgniter.php(468): CodeIgniter\CodeIgniter->runController(Object(App\Controllers\Pages))
 8 SYSTEMPATH\CodeIgniter.php(351): CodeIgniter\CodeIgniter->handleRequest(null, Object(Config\Cache), false)
 9 FCPATH\index.php(55): CodeIgniter\CodeIgniter->run()
10 SYSTEMPATH\Commands\Server\rewrite.php(43): require_once('FCPATH\\index.php')
CRITICAL - 2022-06-18 23:52:21 --> Undefined array key "id_layanan"
in APPPATH\Controllers\Pages.php on line 28.
 1 APPPATH\Controllers\Pages.php(28): CodeIgniter\Debug\Exceptions->errorHandler(2, 'Undefined array key "id_layanan"', 'APPPATH\\Controllers\\Pages.php', 28)
 2 [internal function]: App\Controllers\Pages->App\Controllers\{closure}([...])
 3 APPPATH\Controllers\Pages.php(29): array_filter([...], Object(Closure))
 4 [internal function]: App\Controllers\Pages->App\Controllers\{closure}([...])
 5 APPPATH\Controllers\Pages.php(26): array_map(Object(Closure), [...])
 6 SYSTEMPATH\CodeIgniter.php(898): App\Controllers\Pages->index()
 7 SYSTEMPATH\CodeIgniter.php(468): CodeIgniter\CodeIgniter->runController(Object(App\Controllers\Pages))
 8 SYSTEMPATH\CodeIgniter.php(351): CodeIgniter\CodeIgniter->handleRequest(null, Object(Config\Cache), false)
 9 FCPATH\index.php(55): CodeIgniter\CodeIgniter->run()
10 SYSTEMPATH\Commands\Server\rewrite.php(43): require_once('FCPATH\\index.php')
CRITICAL - 2022-06-18 23:52:21 --> Undefined array key "id_layanan"
in APPPATH\Controllers\Pages.php on line 28.
 1 APPPATH\Controllers\Pages.php(28): CodeIgniter\Debug\Exceptions->errorHandler(2, 'Undefined array key "id_layanan"', 'APPPATH\\Controllers\\Pages.php', 28)
 2 [internal function]: App\Controllers\Pages->App\Controllers\{closure}([...])
 3 APPPATH\Controllers\Pages.php(29): array_filter([...], Object(Closure))
 4 [internal function]: App\Controllers\Pages->App\Controllers\{closure}([...])
 5 APPPATH\Controllers\Pages.php(26): array_map(Object(Closure), [...])
 6 SYSTEMPATH\CodeIgniter.php(898): App\Controllers\Pages->index()
 7 SYSTEMPATH\CodeIgniter.php(468): CodeIgniter\CodeIgniter->runController(Object(App\Controllers\Pages))
 8 SYSTEMPATH\CodeIgniter.php(351): CodeIgniter\CodeIgniter->handleRequest(null, Object(Config\Cache), false)
 9 FCPATH\index.php(55): CodeIgniter\CodeIgniter->run()
10 SYSTEMPATH\Commands\Server\rewrite.php(43): require_once('FCPATH\\index.php')
CRITICAL - 2022-06-18 23:52:30 --> Undefined array key "id_layanan"
in APPPATH\Controllers\Pages.php on line 28.
 1 APPPATH\Controllers\Pages.php(28): CodeIgniter\Debug\Exceptions->errorHandler(2, 'Undefined array key "id_layanan"', 'APPPATH\\Controllers\\Pages.php', 28)
 2 [internal function]: App\Controllers\Pages->App\Controllers\{closure}([...])
 3 APPPATH\Controllers\Pages.php(29): array_filter([...], Object(Closure))
 4 [internal function]: App\Controllers\Pages->App\Controllers\{closure}([...])
 5 APPPATH\Controllers\Pages.php(26): array_map(Object(Closure), [...])
 6 SYSTEMPATH\CodeIgniter.php(898): App\Controllers\Pages->index()
 7 SYSTEMPATH\CodeIgniter.php(468): CodeIgniter\CodeIgniter->runController(Object(App\Controllers\Pages))
 8 SYSTEMPATH\CodeIgniter.php(351): CodeIgniter\CodeIgniter->handleRequest(null, Object(Config\Cache), false)
 9 FCPATH\index.php(55): CodeIgniter\CodeIgniter->run()
10 SYSTEMPATH\Commands\Server\rewrite.php(43): require_once('FCPATH\\index.php')
CRITICAL - 2022-06-18 23:52:52 --> Undefined array key "id_layanan"
in APPPATH\Controllers\Pages.php on line 28.
 1 APPPATH\Controllers\Pages.php(28): CodeIgniter\Debug\Exceptions->errorHandler(2, 'Undefined array key "id_layanan"', 'APPPATH\\Controllers\\Pages.php', 28)
 2 [internal function]: App\Controllers\Pages->App\Controllers\{closure}([...])
 3 APPPATH\Controllers\Pages.php(29): array_filter([...], Object(Closure))
 4 [internal function]: App\Controllers\Pages->App\Controllers\{closure}([...])
 5 APPPATH\Controllers\Pages.php(26): array_map(Object(Closure), [...])
 6 SYSTEMPATH\CodeIgniter.php(898): App\Controllers\Pages->index()
 7 SYSTEMPATH\CodeIgniter.php(468): CodeIgniter\CodeIgniter->runController(Object(App\Controllers\Pages))
 8 SYSTEMPATH\CodeIgniter.php(351): CodeIgniter\CodeIgniter->handleRequest(null, Object(Config\Cache), false)
 9 FCPATH\index.php(55): CodeIgniter\CodeIgniter->run()
10 SYSTEMPATH\Commands\Server\rewrite.php(43): require_once('FCPATH\\index.php')
